2015-08-17 17:48:28,803 - Loaded System Directive: org.apache.velocity.runtime.directive.Macro
2015-08-17 17:48:28,806 - Loaded System Directive: org.apache.velocity.runtime.directive.Parse
2015-08-17 17:48:28,808 - Loaded System Directive: org.apache.velocity.runtime.directive.Include
2015-08-17 17:48:28,810 - Loaded System Directive: org.apache.velocity.runtime.directive.Foreach
2015-08-17 17:48:28,846 - Created: 20 parsers.
2015-08-17 17:48:28,852 - Velocimacro : initialization starting.
2015-08-17 17:48:28,852 - Velocimacro : adding VMs from VM library template : VM_global_library.vm
2015-08-17 17:48:28,866 - ResourceManager : unable to find resource 'VM_global_library.vm' in any resource loader.
2015-08-17 17:48:28,866 - Velocimacro : error using  VM library template VM_global_library.vm : org.apache.velocity.exception.ResourceNotFoundException: Unable to find resource 'VM_global_library.vm'
2015-08-17 17:48:28,866 - Velocimacro :  VM library template macro registration complete.
2015-08-17 17:48:28,866 - Velocimacro : allowInline = true : VMs can be defined inline in templates
2015-08-17 17:48:28,866 - Velocimacro : allowInlineToOverride = false : VMs defined inline may NOT replace previous VM definitions
2015-08-17 17:48:28,866 - Velocimacro : allowInlineLocal = false : VMs defined inline will be  global in scope if allowed.
2015-08-17 17:48:28,867 - Velocimacro : messages on  : VM system will output logging messages
2015-08-17 17:48:28,867 - Velocimacro : autoload off  : VM system will not automatically reload global library macros
2015-08-17 17:48:28,867 - Velocimacro : initialization complete.
2015-08-17 17:48:28,867 - Velocity successfully started.
2015-08-17 17:52:53,806 - SimpleLog4JLogSystem initialized using logfile 'velocity.log'
2015-08-17 17:52:53,806 - ************************************************************** 
2015-08-17 17:52:53,806 - Starting Jakarta Velocity v1.4
2015-08-17 17:52:53,806 - RuntimeInstance initializing.
2015-08-17 17:52:53,806 - Default Properties File: org\apache\velocity\runtime\defaults\velocity.properties
2015-08-17 17:52:53,806 - Trying to use logger class org.apache.velocity.runtime.log.SimpleLog4JLogSystem
2015-08-17 17:52:53,806 - Using logger class org.apache.velocity.runtime.log.SimpleLog4JLogSystem
2015-08-17 17:52:53,809 - Default ResourceManager initializing. (class org.apache.velocity.runtime.resource.ResourceManagerImpl)
2015-08-17 17:52:53,811 - Resource Loader Instantiated: org.apache.velocity.runtime.resource.loader.ClasspathResourceLoader
2015-08-17 17:52:53,811 - ClasspathResourceLoader : initialization starting.
2015-08-17 17:52:53,811 - ClasspathResourceLoader : initialization complete.
2015-08-17 17:52:53,812 - ResourceCache : initialized. (class org.apache.velocity.runtime.resource.ResourceCacheImpl)
2015-08-17 17:52:53,813 - Default ResourceManager initialization complete.
2015-08-17 17:52:53,814 - Loaded System Directive: org.apache.velocity.runtime.directive.Literal
2015-08-17 17:52:53,815 - Loaded System Directive: org.apache.velocity.runtime.directive.Macro
2015-08-17 17:52:53,817 - Loaded System Directive: org.apache.velocity.runtime.directive.Parse
2015-08-17 17:52:53,819 - Loaded System Directive: org.apache.velocity.runtime.directive.Include
2015-08-17 17:52:53,820 - Loaded System Directive: org.apache.velocity.runtime.directive.Foreach
2015-08-17 17:52:53,844 - Created: 20 parsers.
2015-08-17 17:52:53,850 - Velocimacro : initialization starting.
2015-08-17 17:52:53,851 - Velocimacro : adding VMs from VM library template : VM_global_library.vm
2015-08-17 17:52:53,856 - ResourceManager : unable to find resource 'VM_global_library.vm' in any resource loader.
2015-08-17 17:52:53,856 - Velocimacro : error using  VM library template VM_global_library.vm : org.apache.velocity.exception.ResourceNotFoundException: Unable to find resource 'VM_global_library.vm'
2015-08-17 17:52:53,856 - Velocimacro :  VM library template macro registration complete.
2015-08-17 17:52:53,856 - Velocimacro : allowInline = true : VMs can be defined inline in templates
2015-08-17 17:52:53,856 - Velocimacro : allowInlineToOverride = false : VMs defined inline may NOT replace previous VM definitions
2015-08-17 17:52:53,856 - Velocimacro : allowInlineLocal = false : VMs defined inline will be  global in scope if allowed.
2015-08-17 17:52:53,856 - Velocimacro : messages on  : VM system will output logging messages
2015-08-17 17:52:53,856 - Velocimacro : autoload off  : VM system will not automatically reload global library macros
2015-08-17 17:52:53,856 - Velocimacro : initialization complete.
2015-08-17 17:52:53,856 - Velocity successfully started.
2015-08-17 18:13:06,961 - SimpleLog4JLogSystem initialized using logfile 'velocity.log'
2015-08-17 18:13:06,961 - ************************************************************** 
2015-08-17 18:13:06,961 - Starting Jakarta Velocity v1.4
2015-08-17 18:13:06,961 - RuntimeInstance initializing.
2015-08-17 18:13:06,961 - Default Properties File: org\apache\velocity\runtime\defaults\velocity.properties
2015-08-17 18:13:06,961 - Trying to use logger class org.apache.velocity.runtime.log.SimpleLog4JLogSystem
2015-08-17 18:13:06,961 - Using logger class org.apache.velocity.runtime.log.SimpleLog4JLogSystem
2015-08-17 18:13:06,964 - Default ResourceManager initializing. (class org.apache.velocity.runtime.resource.ResourceManagerImpl)
2015-08-17 18:13:06,966 - Resource Loader Instantiated: org.apache.velocity.runtime.resource.loader.ClasspathResourceLoader
2015-08-17 18:13:06,966 - ClasspathResourceLoader : initialization starting.
2015-08-17 18:13:06,966 - ClasspathResourceLoader : initialization complete.
2015-08-17 18:13:06,967 - ResourceCache : initialized. (class org.apache.velocity.runtime.resource.ResourceCacheImpl)
2015-08-17 18:13:06,967 - Default ResourceManager initialization complete.
2015-08-17 18:13:06,968 - Loaded System Directive: org.apache.velocity.runtime.directive.Literal
2015-08-17 18:13:06,970 - Loaded System Directive: org.apache.velocity.runtime.directive.Macro
2015-08-17 18:13:06,972 - Loaded System Directive: org.apache.velocity.runtime.directive.Parse
2015-08-17 18:13:06,973 - Loaded System Directive: org.apache.velocity.runtime.directive.Include
2015-08-17 18:13:06,974 - Loaded System Directive: org.apache.velocity.runtime.directive.Foreach
2015-08-17 18:13:07,000 - Created: 20 parsers.
2015-08-17 18:13:07,006 - Velocimacro : initialization starting.
2015-08-17 18:13:07,006 - Velocimacro : adding VMs from VM library template : VM_global_library.vm
2015-08-17 18:13:07,011 - ResourceManager : unable to find resource 'VM_global_library.vm' in any resource loader.
2015-08-17 18:13:07,011 - Velocimacro : error using  VM library template VM_global_library.vm : org.apache.velocity.exception.ResourceNotFoundException: Unable to find resource 'VM_global_library.vm'
2015-08-17 18:13:07,011 - Velocimacro :  VM library template macro registration complete.
2015-08-17 18:13:07,011 - Velocimacro : allowInline = true : VMs can be defined inline in templates
2015-08-17 18:13:07,011 - Velocimacro : allowInlineToOverride = false : VMs defined inline may NOT replace previous VM definitions
2015-08-17 18:13:07,011 - Velocimacro : allowInlineLocal = false : VMs defined inline will be  global in scope if allowed.
2015-08-17 18:13:07,011 - Velocimacro : messages on  : VM system will output logging messages
2015-08-17 18:13:07,011 - Velocimacro : autoload off  : VM system will not automatically reload global library macros
2015-08-17 18:13:07,011 - Velocimacro : initialization complete.
2015-08-17 18:13:07,011 - Velocity successfully started.
2015-08-17 19:50:16,319 - SimpleLog4JLogSystem initialized using logfile 'velocity.log'
2015-08-17 19:50:16,319 - ************************************************************** 
2015-08-17 19:50:16,319 - Starting Jakarta Velocity v1.4
2015-08-17 19:50:16,319 - RuntimeInstance initializing.
2015-08-17 19:50:16,319 - Default Properties File: org\apache\velocity\runtime\defaults\velocity.properties
2015-08-17 19:50:16,319 - Trying to use logger class org.apache.velocity.runtime.log.SimpleLog4JLogSystem
2015-08-17 19:50:16,319 - Using logger class org.apache.velocity.runtime.log.SimpleLog4JLogSystem
2015-08-17 19:50:16,322 - Default ResourceManager initializing. (class org.apache.velocity.runtime.resource.ResourceManagerImpl)
2015-08-17 19:50:16,324 - Resource Loader Instantiated: org.apache.velocity.runtime.resource.loader.ClasspathResourceLoader
2015-08-17 19:50:16,324 - ClasspathResourceLoader : initialization starting.
2015-08-17 19:50:16,324 - ClasspathResourceLoader : initialization complete.
2015-08-17 19:50:16,325 - ResourceCache : initialized. (class org.apache.velocity.runtime.resource.ResourceCacheImpl)
2015-08-17 19:50:16,326 - Default ResourceManager initialization complete.
2015-08-17 19:50:16,327 - Loaded System Directive: org.apache.velocity.runtime.directive.Literal
2015-08-17 19:50:16,328 - Loaded System Directive: org.apache.velocity.runtime.directive.Macro
2015-08-17 19:50:16,330 - Loaded System Directive: org.apache.velocity.runtime.directive.Parse
2015-08-17 19:50:16,332 - Loaded System Directive: org.apache.velocity.runtime.directive.Include
2015-08-17 19:50:16,333 - Loaded System Directive: org.apache.velocity.runtime.directive.Foreach
2015-08-17 19:50:16,358 - Created: 20 parsers.
2015-08-17 19:50:16,364 - Velocimacro : initialization starting.
2015-08-17 19:50:16,364 - Velocimacro : adding VMs from VM library template : VM_global_library.vm
2015-08-17 19:50:16,370 - ResourceManager : unable to find resource 'VM_global_library.vm' in any resource loader.
2015-08-17 19:50:16,370 - Velocimacro : error using  VM library template VM_global_library.vm : org.apache.velocity.exception.ResourceNotFoundException: Unable to find resource 'VM_global_library.vm'
2015-08-17 19:50:16,370 - Velocimacro :  VM library template macro registration complete.
2015-08-17 19:50:16,370 - Velocimacro : allowInline = true : VMs can be defined inline in templates
2015-08-17 19:50:16,370 - Velocimacro : allowInlineToOverride = false : VMs defined inline may NOT replace previous VM definitions
2015-08-17 19:50:16,370 - Velocimacro : allowInlineLocal = false : VMs defined inline will be  global in scope if allowed.
2015-08-17 19:50:16,370 - Velocimacro : messages on  : VM system will output logging messages
2015-08-17 19:50:16,370 - Velocimacro : autoload off  : VM system will not automatically reload global library macros
2015-08-17 19:50:16,370 - Velocimacro : initialization complete.
2015-08-17 19:50:16,370 - Velocity successfully started.
2015-08-17 20:01:26,095 - SimpleLog4JLogSystem initialized using logfile 'velocity.log'
2015-08-17 20:01:26,096 - ************************************************************** 
2015-08-17 20:01:26,096 - Starting Jakarta Velocity v1.4
2015-08-17 20:01:26,096 - RuntimeInstance initializing.
2015-08-17 20:01:26,096 - Default Properties File: org\apache\velocity\runtime\defaults\velocity.properties
2015-08-17 20:01:26,096 - Trying to use logger class org.apache.velocity.runtime.log.SimpleLog4JLogSystem
2015-08-17 20:01:26,096 - Using logger class org.apache.velocity.runtime.log.SimpleLog4JLogSystem
2015-08-17 20:01:26,098 - Default ResourceManager initializing. (class org.apache.velocity.runtime.resource.ResourceManagerImpl)
2015-08-17 20:01:26,100 - Resource Loader Instantiated: org.apache.velocity.runtime.resource.loader.ClasspathResourceLoader
2015-08-17 20:01:26,101 - ClasspathResourceLoader : initialization starting.
2015-08-17 20:01:26,101 - ClasspathResourceLoader : initialization complete.
2015-08-17 20:01:26,102 - ResourceCache : initialized. (class org.apache.velocity.runtime.resource.ResourceCacheImpl)
2015-08-17 20:01:26,102 - Default ResourceManager initialization complete.
2015-08-17 20:01:26,103 - Loaded System Directive: org.apache.velocity.runtime.directive.Literal
2015-08-17 20:01:26,105 - Loaded System Directive: org.apache.velocity.runtime.directive.Macro
2015-08-17 20:01:26,107 - Loaded System Directive: org.apache.velocity.runtime.directive.Parse
2015-08-17 20:01:26,108 - Loaded System Directive: org.apache.velocity.runtime.directive.Include
2015-08-17 20:01:26,109 - Loaded System Directive: org.apache.velocity.runtime.directive.Foreach
2015-08-17 20:01:26,134 - Created: 20 parsers.
2015-08-17 20:01:26,140 - Velocimacro : initialization starting.
2015-08-17 20:01:26,140 - Velocimacro : adding VMs from VM library template : VM_global_library.vm
2015-08-17 20:01:26,145 - ResourceManager : unable to find resource 'VM_global_library.vm' in any resource loader.
2015-08-17 20:01:26,145 - Velocimacro : error using  VM library template VM_global_library.vm : org.apache.velocity.exception.ResourceNotFoundException: Unable to find resource 'VM_global_library.vm'
2015-08-17 20:01:26,145 - Velocimacro :  VM library template macro registration complete.
2015-08-17 20:01:26,145 - Velocimacro : allowInline = true : VMs can be defined inline in templates
2015-08-17 20:01:26,145 - Velocimacro : allowInlineToOverride = false : VMs defined inline may NOT replace previous VM definitions
2015-08-17 20:01:26,145 - Velocimacro : allowInlineLocal = false : VMs defined inline will be  global in scope if allowed.
2015-08-17 20:01:26,145 - Velocimacro : messages on  : VM system will output logging messages
2015-08-17 20:01:26,146 - Velocimacro : autoload off  : VM system will not automatically reload global library macros
2015-08-17 20:01:26,146 - Velocimacro : initialization complete.
2015-08-17 20:01:26,146 - Velocity successfully started.
